SF:lib/articles_list/data/model/article.dart
DA:13,3
DA:16,2
DA:18,2
DA:30,3
DA:32,2
DA:34,2
DA:46,3
DA:48,2
DA:50,2
LF:9
LH:9
end_of_record
SF:lib/articles_list/data/model/article.g.dart
DA:9,2
DA:10,1
DA:11,1
DA:12,1
DA:13,1
DA:14,1
DA:15,1
DA:16,1
DA:17,1
DA:20,2
DA:21,1
DA:22,1
DA:23,1
DA:24,1
DA:25,1
DA:26,1
DA:29,2
DA:30,1
DA:31,1
DA:32,1
DA:33,1
DA:34,0
DA:37,2
DA:38,1
DA:39,1
DA:42,1
DA:43,1
DA:44,1
DA:45,1
DA:48,1
DA:49,1
DA:50,1
DA:51,1
LF:33
LH:32
end_of_record
SF:lib/articles_list/data/model/most_popular_response.dart
DA:11,3
DA:12,0
DA:14,0
LF:3
LH:1
end_of_record
SF:lib/articles_list/data/model/most_popular_response.g.dart
DA:9,0
DA:10,0
DA:11,0
DA:12,0
DA:13,0
DA:14,0
DA:15,0
DA:16,0
DA:19,0
DA:21,0
DA:22,0
DA:23,0
DA:24,0
LF:13
LH:0
end_of_record
SF:lib/articles_list/domain/usecase/article_usecase_impl.dart
DA:13,1
DA:15,1
DA:16,2
LF:3
LH:3
end_of_record
SF:lib/articles_list/data/repository/article_repo_impl.dart
DA:13,1
DA:16,1
DA:19,3
DA:20,1
DA:21,1
DA:22,2
DA:23,2
DA:24,1
DA:25,1
DA:27,3
DA:30,3
LF:11
LH:11
end_of_record
SF:lib/articles_list/data/remote/service/article_service.g.dart
DA:10,0
DA:17,0
DA:19,0
DA:20,0
DA:21,0
DA:22,0
DA:23,0
DA:24,0
DA:25,0
DA:27,0
DA:28,0
DA:32,0
DA:33,0
DA:34,0
DA:35,0
DA:36,0
DA:37,0
DA:39,0
LF:18
LH:0
end_of_record
SF:lib/articles_list/data/remote/source/article_remote_data_source_impl.dart
DA:12,1
DA:14,1
DA:15,2
LF:3
LH:3
end_of_record
